Checking for required tools ... Done.
Checking for required packages ... Done.
Checking for previous installation ... Found[/lib/modules/5.15.0-73-generic/updates/dkms/HwsUHDX1Capture.ko]
Removing previous installation...
Removing  ... Done.
Re-generating modules.dep and map files ... Done.

Uninstall Successfully!

Beginning install, please wait... 
Installing module ... '/home/lt/work/V4L2/hwsuhdX1/scripts/../src' -> '/usr/local/share/HWS/src'
'/home/lt/work/V4L2/hwsuhdX1/scripts/../src/dkms.conf' -> '/usr/local/share/HWS/src/dkms.conf'
'/home/lt/work/V4L2/hwsuhdX1/scripts/../src/Makefile' -> '/usr/local/share/HWS/src/Makefile'
'/home/lt/work/V4L2/hwsuhdX1/scripts/../src/hws.h' -> '/usr/local/share/HWS/src/hws.h'
'/home/lt/work/V4L2/hwsuhdX1/scripts/../src/hws_reg.h' -> '/usr/local/share/HWS/src/hws_reg.h'
'/home/lt/work/V4L2/hwsuhdX1/scripts/../src/hws_video.c' -> '/usr/local/share/HWS/src/hws_video.c'
'/home/lt/work/V4L2/hwsuhdX1/scripts/../src/load.sh' -> '/usr/local/share/HWS/src/load.sh'
'/home/lt/work/V4L2/hwsuhdX1/scripts/../src/.tmp_6120' -> '/usr/local/share/HWS/src/.tmp_6120'
'/home/lt/work/V4L2/hwsuhdX1/scripts/../src/.tmp_6120/tmp' -> '/usr/local/share/HWS/src/.tmp_6120/tmp'
'/home/lt/work/V4L2/hwsuhdX1/scripts/../src/.tmp_6218' -> '/usr/local/share/HWS/src/.tmp_6218'
'/home/lt/work/V4L2/hwsuhdX1/scripts/../scripts' -> '/usr/local/share/HWS/scripts'
'/home/lt/work/V4L2/hwsuhdX1/scripts/../scripts/hws-dkms-install.sh' -> '/usr/local/share/HWS/scripts/hws-dkms-install.sh'
'/home/lt/work/V4L2/hwsuhdX1/scripts/../scripts/hws-install.sh' -> '/usr/local/share/HWS/scripts/hws-install.sh'
'/home/lt/work/V4L2/hwsuhdX1/scripts/../scripts/hws-repair.sh' -> '/usr/local/share/HWS/scripts/hws-repair.sh'
'/home/lt/work/V4L2/hwsuhdX1/scripts/../scripts/hws-uninstall.sh' -> '/usr/local/share/HWS/scripts/hws-uninstall.sh'
Running dkms ... 
========================================================

Install Successfully!
For more information please check the docs directory or
contact alex.liu@longtimetech.com.

========================================================

